<?xml version="1.0" encoding="UTF-8"?>
<!-- Generated by org.testng.reporters.JUnitReportReporter -->
<testsuite skipped="0" hostname="Thipprapas-MacBook-Pro.local" name="Run.APITesting" tests="1" failures="0" timestamp="2020-03-19T17:38:38 EDT" time="2.306" errors="0">
  <testcase name="f" time="2.306" classname="Run.APITesting"/>
  <system-out/>
</testsuite> <!-- Run.APITesting -->
