<?xml version="1.0" encoding="UTF-8"?>
<!-- Generated by org.testng.reporters.JUnitReportReporter -->
<testsuite skipped="0" hostname="Thipprapas-MacBook-Pro.local" name="Test.NewTest" tests="1" failures="0" timestamp="2020-03-20T14:34:53 EDT" time="42.113" errors="0">
  <testcase name="f" time="42.113" classname="Test.NewTest"/>
  <system-out/>
</testsuite> <!-- Test.NewTest -->
