<?xml version="1.0" encoding="UTF-8"?>
<!-- Generated by org.testng.reporters.JUnitReportReporter -->
<testsuite skipped="0" hostname="Thipprapas-MacBook-Pro.local" name="Test.WholeTest" tests="1" failures="0" timestamp="2020-03-15T20:25:32 EDT" time="7.082" errors="0">
  <testcase name="f" time="7.082" classname="Test.WholeTest"/>
  <system-out/>
</testsuite> <!-- Test.WholeTest -->
