<?xml version="1.0" encoding="UTF-8"?>
<!-- Generated by org.testng.reporters.JUnitReportReporter -->
<testsuite skipped="0" hostname="Thipprapas-MacBook-Pro.local" name="Run.NewTest" tests="1" failures="0" timestamp="2020-03-19T17:29:08 EDT" time="2.065" errors="0">
  <testcase name="f" time="2.065" classname="Run.NewTest"/>
  <system-out/>
</testsuite> <!-- Run.NewTest -->
