<?xml version="1.0" encoding="UTF-8"?>
<!-- Generated by org.testng.reporters.JUnitReportReporter -->
<testsuite skipped="0" hostname="Thipprapas-MacBook-Pro.local" name="Com.Homedepot.BootCamp2020.TestScript" tests="2" failures="0" timestamp="2020-03-15T20:34:57 EDT" time="18.832" errors="0">
  <testcase name="f" time="9.375" classname="Com.Homedepot.BootCamp2020.TestScript"/>
  <system-out/>
  <testcase name="f" time="9.457" classname="Com.Homedepot.BootCamp2020.TestScript"/>
  <system-out/>
</testsuite> <!-- Com.Homedepot.BootCamp2020.TestScript -->
